-------------------------------------------------------------------------------
Test set: tests.smartphones.SmartphonesProductPage10_Test
-------------------------------------------------------------------------------
Tests run: 1, Failures: 0, Errors: 1, Skipped: 0, Time elapsed: 31.32 s <<< FAILURE! - in tests.smartphones.SmartphonesProductPage10_Test
selectedProduct_Is_SamsungGalaxyNote20Ultra256GBWhite  Time elapsed: 30.352 s  <<< ERROR!
org.openqa.selenium.TimeoutException: Expected condition failed: waiting for presence of element located by: By.xpath: //div[@class="ui-list-controls ui-collapse ui-collapse_list"]//span[contains(text(), "Объем оперативной памяти")] (tried for 3 second(s) with 300 milliseconds interval)
	at tests.smartphones.SmartphonesProductPage10_Test.getProductPage(SmartphonesProductPage10_Test.java:55)
	at tests.smartphones.SmartphonesProductPage10_Test.selectedProduct_Is_SamsungGalaxyNote20Ultra256GBWhite(SmartphonesProductPage10_Test.java:32)
Caused by: org.openqa.selenium.NoSuchElementException: 
no such element: Unable to locate element: {"method":"xpath","selector":"//div[@class="ui-list-controls ui-collapse ui-collapse_list"]//span[contains(text(), "Объем оперативной памяти")]"}
  (Session info: chrome=91.0.4472.114)
For documentation on this error, please visit: https://selenium.dev/exceptions/#no_such_element
Build info: version: '4.0.0-beta-4', revision: '29f46d02dd'
System info: host: 'air-denis', ip: '192.168.0.3', os.name: 'Mac OS X', os.arch: 'x86_64', os.version: '11.4', java.version: '16.0.1'
Driver info: org.openqa.selenium.chrome.ChromeDriver
Command: [57afb925cb660292b8eddca5c47d1f46, findElement {using=xpath, value=//div[@class="ui-list-controls ui-collapse ui-collapse_list"]//span[contains(text(), "Объем оперативной памяти")]}]
Capabilities {acceptInsecureCerts: false, browserName: chrome, browserVersion: 91.0.4472.114, chrome: {chromedriverVersion: 91.0.4472.101 (af52a90bf870..., userDataDir: /var/folders/50/960v5yns793...}, goog:chromeOptions: {debuggerAddress: localhost:61901}, javascriptEnabled: true, networkConnectionEnabled: false, pageLoadStrategy: normal, platform: MAC, platformName: MAC, proxy: Proxy(), se:cdp: ws://localhost:61901/devtoo..., se:cdpVersion: 91.0.4472.114, setWindowRect: true, strictFileInteractability: false, timeouts: {implicit: 0, pageLoad: 300000, script: 30000}, unhandledPromptBehavior: ignore, webauthn:extension:largeBlob: true, webauthn:virtualAuthenticators: true}
Session ID: 57afb925cb660292b8eddca5c47d1f46
	at tests.smartphones.SmartphonesProductPage10_Test.getProductPage(SmartphonesProductPage10_Test.java:55)
	at tests.smartphones.SmartphonesProductPage10_Test.selectedProduct_Is_SamsungGalaxyNote20Ultra256GBWhite(SmartphonesProductPage10_Test.java:32)

