<?xml version="1.0" encoding="UTF-8"?>
<testsuite xmlns:xsi="http://www.w3.org/2001/XMLSchema-instance" xsi:noNamespaceSchemaLocation="https://maven.apache.org/surefire/maven-surefire-plugin/xsd/surefire-test-report.xsd" name="tests.smartphones.SmartphonesProductPage10_Test" time="31.32" tests="1" errors="1" skipped="0" failures="0">
  <properties>
[...]
</properties>
  <testcase name="selectedProduct_Is_SamsungGalaxyNote20Ultra256GBWhite" classname="tests.smartphones.SmartphonesProductPage10_Test" time="30.352">
    <error message="Expected condition failed: waiting for presence of element located by: By.xpath: //div[@class=&quot;ui-list-controls ui-collapse ui-collapse_list&quot;]//span[contains(text(), &quot;Объем оперативной памяти&quot;)] (tried for 3 second(s) with 300 milliseconds interval)" type="org.openqa.selenium.TimeoutException">org.openqa.selenium.TimeoutException: Expected condition failed: waiting for presence of element located by: By.xpath: //div[@class="ui-list-controls ui-collapse ui-collapse_list"]//span[contains(text(), "Объем оперативной памяти")] (tried for 3 second(s) with 300 milliseconds interval)
	at tests.smartphones.SmartphonesProductPage10_Test.getProductPage(SmartphonesProductPage10_Test.java:55)
	at tests.smartphones.SmartphonesProductPage10_Test.selectedProduct_Is_SamsungGalaxyNote20Ultra256GBWhite(SmartphonesProductPage10_Test.java:32)
Caused by: org.openqa.selenium.NoSuchElementException: 
no such element: Unable to locate element: {"method":"xpath","selector":"//div[@class="ui-list-controls ui-collapse ui-collapse_list"]//span[contains(text(), "Объем оперативной памяти")]"}
  (Session info: chrome=91.0.4472.114)
For documentation on this error, please visit: https://selenium.dev/exceptions/#no_such_element
Build info: version: '4.0.0-beta-4', revision: '29f46d02dd'
System info: host: 'air-denis', ip: '192.168.0.3', os.name: 'Mac OS X', os.arch: 'x86_64', os.version: '11.4', java.version: '16.0.1'
Driver info: org.openqa.selenium.chrome.ChromeDriver
Command: [57afb925cb660292b8eddca5c47d1f46, findElement {using=xpath, value=//div[@class="ui-list-controls ui-collapse ui-collapse_list"]//span[contains(text(), "Объем оперативной памяти")]}]
Capabilities {acceptInsecureCerts: false, browserName: chrome, browserVersion: 91.0.4472.114, chrome: {chromedriverVersion: 91.0.4472.101 (af52a90bf870..., userDataDir: /var/folders/50/960v5yns793...}, goog:chromeOptions: {debuggerAddress: localhost:61901}, javascriptEnabled: true, networkConnectionEnabled: false, pageLoadStrategy: normal, platform: MAC, platformName: MAC, proxy: Proxy(), se:cdp: ws://localhost:61901/devtoo..., se:cdpVersion: 91.0.4472.114, setWindowRect: true, strictFileInteractability: false, timeouts: {implicit: 0, pageLoad: 300000, script: 30000}, unhandledPromptBehavior: ignore, webauthn:extension:largeBlob: true, webauthn:virtualAuthenticators: true}
Session ID: 57afb925cb660292b8eddca5c47d1f46
	at tests.smartphones.SmartphonesProductPage10_Test.getProductPage(SmartphonesProductPage10_Test.java:55)
	at tests.smartphones.SmartphonesProductPage10_Test.selectedProduct_Is_SamsungGalaxyNote20Ultra256GBWhite(SmartphonesProductPage10_Test.java:32)
</error>
    <system-out><![CDATA[&amp#27;[30m[14:52:30.106] | INFO  | main                             | WebDriverFactory                 | Драйвер браузера Google Chrome
&amp#27;[m&amp#27;[30m[14:52:36.294] | INFO  | main                             | BaseTest                         | Драйвер стартовал!
&amp#27;[m&amp#27;[30m[14:52:43.378] | INFO  | main                             | StartPageSteps                   | Открыта страница [Стартовая страница DNS]
&amp#27;[m&amp#27;[30m[14:52:44.794] | INFO  | main                             | StartPage                        | Курсор мыши наведен на ссылку "Смартфоны"
&amp#27;[m&amp#27;[30m[14:52:50.605] | INFO  | main                             | StartPage                        | Нажата ссылка "Смартфоны"
&amp#27;[m&amp#27;[30m[14:52:50.614] | INFO  | main                             | SmartphonesPageSteps             | Открыта страница [Смартфоны]
&amp#27;[m&amp#27;[30m[14:52:51.479] | INFO  | main                             | SmartphonesPage                  | Нажата выпадашка "Сортировка"
&amp#27;[m&amp#27;[30m[14:52:51.778] | INFO  | main                             | SmartphonesPage                  | Установлена сортировка - "Сначала дорогие"
&amp#27;[m&amp#27;[30m[14:52:56.951] | INFO  | main                             | SmartphonesPage                  | Установлен фильтр "Производитель" - Samsung
&amp#27;[m&amp#27;[30m[14:53:00.391] | INFO  | main                             | BaseTest                         | Драйвер остановлен!
&amp#27;[m]]></system-out>
    <system-err><![CDATA[SLF4J: Failed to load class "org.slf4j.impl.StaticLoggerBinder".
SLF4J: Defaulting to no-operation (NOP) logger implementation
SLF4J: See http://www.slf4j.org/codes.html#StaticLoggerBinder for further details.
Starting ChromeDriver 91.0.4472.101 (af52a90bf87030dd1523486a1cd3ae25c5d76c9b-refs/branch-heads/4472@{#1462}) on port 27967
Only local connections are allowed.
Please see https://chromedriver.chromium.org/security-considerations for suggestions on keeping ChromeDriver safe.
ChromeDriver was started successfully.
сент. 02, 2021 2:52:36 PM org.openqa.selenium.remote.ProtocolHandshake createSession
INFO: Detected dialect: W3C
сент. 02, 2021 2:52:36 PM org.openqa.selenium.devtools.CdpVersionFinder findNearestMatch
INFO: Found exact CDP implementation for version 91
]]></system-err>
  </testcase>
</testsuite>